INPUT: LATENCY(MS) HYDRA
creating circuit...
0pushing: 0
1pushing: 0
2pushing: 0
3pushing: 0
4pushing: 0
5pushing: 0
6pushing: 0
7pushing: 0
8pushing: 0
9pushing: 0
10pushing: 0
11pushing: 0
12pushing: 0
13pushing: 0
14pushing: 0
15pushing: 0
16pushing: 0
17pushing: 0
18pushing: 0
19pushing: 0
20pushing: 0
21pushing: 0
22pushing: 0
23pushing: 0
24pushing: 0
25pushing: 0
26pushing: 0
27pushing: 0
28pushing: 0
29pushing: 0
30pushing: 0
31pushing: 0
32pushing: 0
33pushing: 0
34pushing: 0
35pushing: 0
36pushing: 0
37pushing: 0
38pushing: 0
39pushing: 0
40pushing: 0
41pushing: 0
42pushing: 0
43pushing: 0
44pushing: 0
45pushing: 0
46pushing: 0
47pushing: 0
48pushing: 0
49pushing: 0
50pushing: 0
51pushing: 0
52pushing: 0
53pushing: 0
54pushing: 0
55pushing: 0
56pushing: 0
57pushing: 0
58pushing: 0
59pushing: 0
60pushing: 0
61pushing: 0
62pushing: 0
63pushing: 0
64pushing: 0
65pushing: 0
66pushing: 0
67pushing: 0
68pushing: 0
69pushing: 0
70pushing: 0
71pushing: 0
72pushing: 0
73pushing: 0
74pushing: 0
75pushing: 0
76pushing: 0
77pushing: 0
78pushing: 0
79pushing: 0
80pushing: 0
81pushing: 0
82pushing: 0
83pushing: 0
84pushing: 0
85pushing: 0
86pushing: 0
87pushing: 0
88pushing: 0
89pushing: 0
90pushing: 0
91pushing: 0
92pushing: 0
93pushing: 0
94pushing: 0
95pushing: 0
96pushing: 0
97pushing: 0
98pushing: 0
99pushing: 0
100pushing: 0
101pushing: 0
102pushing: 0
103pushing: 0
104pushing: 0
105pushing: 0
106pushing: 0
107pushing: 0
108pushing: 0
109pushing: 0
110pushing: 0
111pushing: 0
112pushing: 0
113pushing: 0
114pushing: 0
115pushing: 0
116pushing: 0
117pushing: 0
118pushing: 0
119pushing: 0
120pushing: 0
121pushing: 0
122pushing: 0
123pushing: 0
124pushing: 0
125pushing: 0
126pushing: 0
127pushing: 0
128pushing: 0
129pushing: 0
130pushing: 0
131pushing: 0
132pushing: 0
133pushing: 0
134pushing: 0
135pushing: 0
136pushing: 0
137pushing: 0
138pushing: 0
139pushing: 0
140pushing: 0
141pushing: 0
142pushing: 0
143pushing: 0
144pushing: 0
145pushing: 0
146pushing: 0
147pushing: 0
148pushing: 0
149pushing: 0
150pushing: 0
151pushing: 0
152pushing: 0
153pushing: 0
154pushing: 0
155pushing: 0
156pushing: 0
157pushing: 0
158pushing: 0
159pushing: 0
160pushing: 0
161pushing: 0
162pushing: 0
163pushing: 0
164pushing: 0
165pushing: 0
166pushing: 0
167pushing: 0
168pushing: 0
169pushing: 0
170pushing: 0
171pushing: 0
172pushing: 0
173pushing: 0
174pushing: 0
175pushing: 0
176pushing: 0
177pushing: 0
178pushing: 0
179pushing: 0
180pushing: 0
181pushing: 0
182pushing: 0
183pushing: 0
184pushing: 0
185pushing: 0
186pushing: 0
187pushing: 0
188pushing: 0
189pushing: 0
190pushing: 0
191pushing: 0
192pushing: 0
193pushing: 0
194pushing: 0
195pushing: 0
196pushing: 0
197pushing: 0
198pushing: 0
199pushing: 0
200pushing: 0
201pushing: 0
202pushing: 0
203pushing: 0
204pushing: 0
205pushing: 0
206pushing: 0
207pushing: 0
208pushing: 0
209pushing: 0
210pushing: 0
211pushing: 0
212pushing: 0
213pushing: 0
214pushing: 0
215pushing: 0
216pushing: 0
217pushing: 0
218pushing: 0
219pushing: 0
220pushing: 0
221pushing: 0
222pushing: 0
223pushing: 0
224pushing: 0
225pushing: 0
226pushing: 0
227pushing: 0
228pushing: 0
229pushing: 0
230pushing: 0
231pushing: 0
232pushing: 0
233pushing: 0
234pushing: 0
235pushing: 0
236pushing: 0
237pushing: 0
238pushing: 0
239pushing: 0
240pushing: 0
241pushing: 0
242pushing: 0
243pushing: 0
244pushing: 0
245pushing: 0
246pushing: 0
247pushing: 0
248pushing: 0
249pushing: 0
250pushing: 0
251pushing: 0
252pushing: 0
253pushing: 0
254pushing: 0
255pushing: 0
256pushing: 1
257pushing: 1
258pushing: 0
259pushing: 0
260pushing: 1
261pushing: 0
262pushing: 1
263pushing: 0
264pushing: 1
265pushing: 0
266pushing: 0
267pushing: 1
268pushing: 0
269pushing: 1
270pushing: 1
271pushing: 0
272pushing: 0
273pushing: 0
274pushing: 1
275pushing: 0
276pushing: 1
277pushing: 0
278pushing: 0
279pushing: 0
280pushing: 0
281pushing: 0
282pushing: 0
283pushing: 1
284pushing: 0
285pushing: 0
286pushing: 0
287pushing: 0
288pushing: 0
289pushing: 0
290pushing: 1
291pushing: 0
292pushing: 0
293pushing: 0
294pushing: 0
295pushing: 1
296pushing: 0
297pushing: 1
298pushing: 1
299pushing: 1
300pushing: 1
301pushing: 1
302pushing: 1
303pushing: 1
304pushing: 1
305pushing: 0
306pushing: 1
307pushing: 1
308pushing: 0
309pushing: 0
310pushing: 0
311pushing: 0
312pushing: 1
313pushing: 0
314pushing: 0
315pushing: 1
316pushing: 1
317pushing: 1
318pushing: 0
319pushing: 0
320pushing: 0
321pushing: 0
322pushing: 0
323pushing: 1
324pushing: 1
325pushing: 0
326pushing: 0
327pushing: 1
328pushing: 1
329pushing: 0
330pushing: 1
331pushing: 1
332pushing: 1
333pushing: 0
334pushing: 1
335pushing: 0
336pushing: 0
337pushing: 1
338pushing: 1
339pushing: 1
340pushing: 0
341pushing: 0
342pushing: 0
343pushing: 0
344pushing: 0
345pushing: 1
346pushing: 1
347pushing: 1
348pushing: 1
349pushing: 0
350pushing: 0
351pushing: 1
352pushing: 1
353pushing: 1
354pushing: 0
355pushing: 0
356pushing: 1
357pushing: 0
358pushing: 0
359pushing: 0
360pushing: 0
361pushing: 1
362pushing: 0
363pushing: 0
364pushing: 1
365pushing: 1
366pushing: 1
367pushing: 1
368pushing: 0
369pushing: 1
370pushing: 1
371pushing: 0
372pushing: 1
373pushing: 0
374pushing: 0
375pushing: 1
376pushing: 1
377pushing: 0
378pushing: 0
379pushing: 0
380pushing: 1
381pushing: 0
382pushing: 1
383pushing: 1
384pushing: 0
385pushing: 0
386pushing: 1
387pushing: 0
388pushing: 0
389pushing: 1
390pushing: 1
391pushing: 1
392pushing: 1
393pushing: 1
394pushing: 1
395pushing: 1
396pushing: 1
397pushing: 0
398pushing: 0
399pushing: 0
400pushing: 0
401pushing: 1
402pushing: 0
403pushing: 0
404pushing: 1
405pushing: 0
406pushing: 1
407pushing: 1
408pushing: 0
409pushing: 1
410pushing: 1
411pushing: 0
412pushing: 0
413pushing: 0
414pushing: 0
415pushing: 0
416pushing: 0
417pushing: 0
418pushing: 1
419pushing: 0
420pushing: 1
421pushing: 0
422pushing: 1
423pushing: 1
424pushing: 1
425pushing: 1
426pushing: 0
427pushing: 1
428pushing: 0
429pushing: 1
430pushing: 1
431pushing: 1
432pushing: 1
433pushing: 1
434pushing: 1
435pushing: 1
436pushing: 0
437pushing: 1
438pushing: 1
439pushing: 0
440pushing: 0
441pushing: 1
442pushing: 0
443pushing: 0
444pushing: 0
445pushing: 0
446pushing: 0
447pushing: 1
448pushing: 0
449pushing: 1
450pushing: 1
451pushing: 1
452pushing: 1
453pushing: 1
454pushing: 0
455pushing: 0
456pushing: 1
457pushing: 0
458pushing: 1
459pushing: 1
460pushing: 0
461pushing: 0
462pushing: 1
463pushing: 1
464pushing: 0
465pushing: 1
466pushing: 1
467pushing: 1
468pushing: 0
469pushing: 0
470pushing: 1
471pushing: 0
472pushing: 0
473pushing: 0
474pushing: 1
475pushing: 0
476pushing: 1
477pushing: 1
478pushing: 1
479pushing: 0
480pushing: 0
481pushing: 0
482pushing: 1
483pushing: 0
484pushing: 1
485pushing: 0
486pushing: 0
487pushing: 1
488pushing: 1
489pushing: 1
490pushing: 1
491pushing: 1
492pushing: 1
493pushing: 0
494pushing: 0
495pushing: 1
496pushing: 0
497pushing: 0
498pushing: 1
499pushing: 0
500pushing: 0
501pushing: 0
502pushing: 1
503pushing: 1
504pushing: 1
505pushing: 1
506pushing: 0
507pushing: 0
508pushing: 1
509pushing: 1
510pushing: 0
511pushing: 1
creation time: 11.539 s

evaluating circuit...
done, output: 0
evaluation time: 7.88873 s

generating interpolation points (offline)...
generation time: 0.865946 s

proving/verifying...
done.
protocol time (with latency): 18712.977623 s

