INPUT: SUB_DEPTH SUBCIRCUIT
creating circuit...
0pushing: 0
1pushing: 0
2pushing: 0
3pushing: 0
4pushing: 0
5pushing: 0
6pushing: 0
7pushing: 0
8pushing: 0
9pushing: 0
10pushing: 0
11pushing: 0
12pushing: 0
13pushing: 0
14pushing: 0
15pushing: 0
16pushing: 0
17pushing: 0
18pushing: 0
19pushing: 0
20pushing: 0
21pushing: 0
22pushing: 0
23pushing: 0
24pushing: 0
25pushing: 0
26pushing: 0
27pushing: 0
28pushing: 0
29pushing: 0
30pushing: 0
31pushing: 0
32pushing: 0
33pushing: 0
34pushing: 0
35pushing: 0
36pushing: 0
37pushing: 0
38pushing: 0
39pushing: 0
40pushing: 0
41pushing: 0
42pushing: 0
43pushing: 0
44pushing: 0
45pushing: 0
46pushing: 0
47pushing: 0
48pushing: 0
49pushing: 0
50pushing: 0
51pushing: 0
52pushing: 0
53pushing: 0
54pushing: 0
55pushing: 0
56pushing: 0
57pushing: 0
58pushing: 0
59pushing: 0
60pushing: 0
61pushing: 0
62pushing: 0
63pushing: 0
64pushing: 0
65pushing: 0
66pushing: 0
67pushing: 0
68pushing: 0
69pushing: 0
70pushing: 0
71pushing: 0
72pushing: 0
73pushing: 0
74pushing: 0
75pushing: 0
76pushing: 0
77pushing: 0
78pushing: 0
79pushing: 0
80pushing: 0
81pushing: 0
82pushing: 0
83pushing: 0
84pushing: 0
85pushing: 0
86pushing: 0
87pushing: 0
88pushing: 0
89pushing: 0
90pushing: 0
91pushing: 0
92pushing: 0
93pushing: 0
94pushing: 0
95pushing: 0
96pushing: 0
97pushing: 0
98pushing: 0
99pushing: 0
100pushing: 0
101pushing: 0
102pushing: 0
103pushing: 0
104pushing: 0
105pushing: 0
106pushing: 0
107pushing: 0
108pushing: 0
109pushing: 0
110pushing: 0
111pushing: 0
112pushing: 0
113pushing: 0
114pushing: 0
115pushing: 0
116pushing: 0
117pushing: 0
118pushing: 0
119pushing: 0
120pushing: 0
121pushing: 0
122pushing: 0
123pushing: 0
124pushing: 0
125pushing: 0
126pushing: 0
127pushing: 0
128pushing: 0
129pushing: 0
130pushing: 0
131pushing: 0
132pushing: 0
133pushing: 0
134pushing: 0
135pushing: 0
136pushing: 0
137pushing: 0
138pushing: 0
139pushing: 0
140pushing: 0
141pushing: 0
142pushing: 0
143pushing: 0
144pushing: 0
145pushing: 0
146pushing: 0
147pushing: 0
148pushing: 0
149pushing: 0
150pushing: 0
151pushing: 0
152pushing: 0
153pushing: 0
154pushing: 0
155pushing: 0
156pushing: 0
157pushing: 0
158pushing: 0
159pushing: 0
160pushing: 0
161pushing: 0
162pushing: 0
163pushing: 0
164pushing: 0
165pushing: 0
166pushing: 0
167pushing: 0
168pushing: 0
169pushing: 0
170pushing: 0
171pushing: 0
172pushing: 0
173pushing: 0
174pushing: 0
175pushing: 0
176pushing: 0
177pushing: 0
178pushing: 0
179pushing: 0
180pushing: 0
181pushing: 0
182pushing: 0
183pushing: 0
184pushing: 0
185pushing: 0
186pushing: 0
187pushing: 0
188pushing: 0
189pushing: 0
190pushing: 0
191pushing: 0
192pushing: 0
193pushing: 0
194pushing: 0
195pushing: 0
196pushing: 0
197pushing: 0
198pushing: 0
199pushing: 0
200pushing: 0
201pushing: 0
202pushing: 0
203pushing: 0
204pushing: 0
205pushing: 0
206pushing: 0
207pushing: 0
208pushing: 0
209pushing: 0
210pushing: 0
211pushing: 0
212pushing: 0
213pushing: 0
214pushing: 0
215pushing: 0
216pushing: 0
217pushing: 0
218pushing: 0
219pushing: 0
220pushing: 0
221pushing: 0
222pushing: 0
223pushing: 0
224pushing: 0
225pushing: 0
226pushing: 0
227pushing: 0
228pushing: 0
229pushing: 0
230pushing: 0
231pushing: 0
232pushing: 0
233pushing: 0
234pushing: 0
235pushing: 0
236pushing: 0
237pushing: 0
238pushing: 0
239pushing: 0
240pushing: 0
241pushing: 0
242pushing: 0
243pushing: 0
244pushing: 0
245pushing: 0
246pushing: 0
247pushing: 0
248pushing: 0
249pushing: 0
250pushing: 0
251pushing: 0
252pushing: 0
253pushing: 0
254pushing: 0
255pushing: 0
256pushing: 0
257pushing: 1
258pushing: 1
259pushing: 0
260pushing: 1
261pushing: 0
262pushing: 0
263pushing: 1
264pushing: 0
265pushing: 1
266pushing: 1
267pushing: 0
268pushing: 0
269pushing: 0
270pushing: 1
271pushing: 0
272pushing: 1
273pushing: 1
274pushing: 1
275pushing: 0
276pushing: 0
277pushing: 1
278pushing: 0
279pushing: 1
280pushing: 1
281pushing: 1
282pushing: 0
283pushing: 1
284pushing: 0
285pushing: 1
286pushing: 0
287pushing: 1
288pushing: 0
289pushing: 0
290pushing: 0
291pushing: 0
292pushing: 1
293pushing: 0
294pushing: 1
295pushing: 0
296pushing: 0
297pushing: 0
298pushing: 1
299pushing: 0
300pushing: 1
301pushing: 1
302pushing: 0
303pushing: 0
304pushing: 0
305pushing: 0
306pushing: 1
307pushing: 0
308pushing: 0
309pushing: 0
310pushing: 1
311pushing: 1
312pushing: 1
313pushing: 1
314pushing: 0
315pushing: 0
316pushing: 1
317pushing: 0
318pushing: 0
319pushing: 0
320pushing: 0
321pushing: 1
322pushing: 1
323pushing: 1
324pushing: 0
325pushing: 1
326pushing: 0
327pushing: 1
328pushing: 1
329pushing: 0
330pushing: 1
331pushing: 1
332pushing: 0
333pushing: 0
334pushing: 1
335pushing: 0
336pushing: 1
337pushing: 0
338pushing: 1
339pushing: 0
340pushing: 1
341pushing: 1
342pushing: 1
343pushing: 1
344pushing: 0
345pushing: 1
346pushing: 1
347pushing: 0
348pushing: 0
349pushing: 1
350pushing: 1
351pushing: 1
352pushing: 0
353pushing: 0
354pushing: 0
355pushing: 0
356pushing: 1
357pushing: 0
358pushing: 0
359pushing: 0
360pushing: 1
361pushing: 0
362pushing: 0
363pushing: 0
364pushing: 0
365pushing: 0
366pushing: 1
367pushing: 0
368pushing: 0
369pushing: 1
370pushing: 0
371pushing: 1
372pushing: 1
373pushing: 1
374pushing: 1
375pushing: 1
376pushing: 0
377pushing: 1
378pushing: 0
379pushing: 1
380pushing: 0
381pushing: 1
382pushing: 1
383pushing: 0
384pushing: 1
385pushing: 1
386pushing: 0
387pushing: 1
388pushing: 0
389pushing: 0
390pushing: 0
391pushing: 1
392pushing: 0
393pushing: 0
394pushing: 0
395pushing: 1
396pushing: 0
397pushing: 0
398pushing: 1
399pushing: 1
400pushing: 0
401pushing: 1
402pushing: 0
403pushing: 1
404pushing: 0
405pushing: 0
406pushing: 0
407pushing: 1
408pushing: 1
409pushing: 0
410pushing: 0
411pushing: 1
412pushing: 0
413pushing: 1
414pushing: 1
415pushing: 0
416pushing: 1
417pushing: 1
418pushing: 1
419pushing: 1
420pushing: 0
421pushing: 1
422pushing: 0
423pushing: 0
424pushing: 1
425pushing: 1
426pushing: 0
427pushing: 1
428pushing: 1
429pushing: 1
430pushing: 0
431pushing: 1
432pushing: 0
433pushing: 1
434pushing: 0
435pushing: 0
436pushing: 1
437pushing: 1
438pushing: 0
439pushing: 0
440pushing: 0
441pushing: 1
442pushing: 0
443pushing: 1
444pushing: 0
445pushing: 0
446pushing: 0
447pushing: 0
448pushing: 0
449pushing: 1
450pushing: 1
451pushing: 1
452pushing: 1
453pushing: 1
454pushing: 1
455pushing: 1
456pushing: 1
457pushing: 1
458pushing: 0
459pushing: 1
460pushing: 0
461pushing: 0
462pushing: 1
463pushing: 0
464pushing: 1
465pushing: 0
466pushing: 0
467pushing: 0
468pushing: 0
469pushing: 1
470pushing: 1
471pushing: 0
472pushing: 1
473pushing: 0
474pushing: 0
475pushing: 0
476pushing: 1
477pushing: 0
478pushing: 1
479pushing: 0
480pushing: 1
481pushing: 1
482pushing: 0
483pushing: 1
484pushing: 0
485pushing: 1
486pushing: 1
487pushing: 0
488pushing: 0
489pushing: 0
490pushing: 1
491pushing: 1
492pushing: 1
493pushing: 0
494pushing: 1
495pushing: 1
496pushing: 1
497pushing: 0
498pushing: 0
499pushing: 1
500pushing: 0
501pushing: 0
502pushing: 0
503pushing: 0
504pushing: 0
505pushing: 1
506pushing: 1
507pushing: 0
508pushing: 1
509pushing: 0
510pushing: 1
511pushing: 1
creation time: 3.39224 s

evaluating circuit...
done, output: 0
evaluation time: 0.610645 s

pipelining circuit...
pipeline time: 0.549545 s

proving/verifying...
done.
protocol time: 38.9442 s

